[debug] [2020-10-02T15:54:36.013Z] ----------------------------------------------------------------------
[debug] [2020-10-02T15:54:36.015Z] Command:       /usr/local/bin/node /usr/local/bin/firebase serve
[debug] [2020-10-02T15:54:36.016Z] CLI Version:   8.11.2
[debug] [2020-10-02T15:54:36.016Z] Platform:      darwin
[debug] [2020-10-02T15:54:36.016Z] Node Version:  v12.16.0
[debug] [2020-10-02T15:54:36.016Z] Time:          Fri Oct 02 2020 11:54:36 GMT-0400 (Eastern Daylight Time)
[debug] [2020-10-02T15:54:36.017Z] ----------------------------------------------------------------------
[debug] [2020-10-02T15:54:36.017Z] 
[debug] [2020-10-02T15:54:36.028Z] > command requires scopes: ["email","openid","https://www.googleapis.com/auth/cloudplatformprojects.readonly","https://www.googleapis.com/auth/firebase","https://www.googleapis.com/auth/cloud-platform"]
[debug] [2020-10-02T15:54:36.028Z] > authorizing via signed-in user
[debug] [2020-10-02T15:54:36.029Z] [iam] checking project choozr for permissions ["firebase.projects.get"]
[debug] [2020-10-02T15:54:36.031Z] >>> HTTP REQUEST POST https://cloudresourcemanager.googleapis.com/v1/projects/choozr:testIamPermissions  
 {"permissions":["firebase.projects.get"]}
[debug] [2020-10-02T15:54:36.234Z] <<< HTTP RESPONSE 200 {"content-type":"application/json; charset=UTF-8","vary":"X-Origin, Referer, Origin,Accept-Encoding","date":"Fri, 02 Oct 2020 15:54:36 GMT","server":"ESF","cache-control":"private","x-xss-protection":"0","x-frame-options":"SAMEORIGIN","x-content-type-options":"nosniff","server-timing":"gfet4t7; dur=131","alt-svc":"h3-Q050=\":443\"; ma=2592000,h3-29=\":443\"; ma=2592000,h3-27=\":443\"; ma=2592000,h3-T051=\":443\"; ma=2592000,h3-T050=\":443\"; ma=2592000,h3-Q046=\":443\"; ma=2592000,h3-Q043=\":443\"; ma=2592000,quic=\":443\"; ma=2592000; v=\"46,43\"","accept-ranges":"none","transfer-encoding":"chunked"}
[debug] [2020-10-02T15:54:36.235Z] >>> HTTP REQUEST GET https://firebase.googleapis.com/v1beta1/projects/choozr  
 
[debug] [2020-10-02T15:54:36.446Z] <<< HTTP RESPONSE 200 {"content-type":"application/json; charset=UTF-8","vary":"X-Origin, Referer, Origin,Accept-Encoding","date":"Fri, 02 Oct 2020 15:54:36 GMT","server":"ESF","cache-control":"private","x-xss-protection":"0","x-frame-options":"SAMEORIGIN","x-content-type-options":"nosniff","alt-svc":"h3-Q050=\":443\"; ma=2592000,h3-29=\":443\"; ma=2592000,h3-27=\":443\"; ma=2592000,h3-T051=\":443\"; ma=2592000,h3-T050=\":443\"; ma=2592000,h3-Q046=\":443\"; ma=2592000,h3-Q043=\":443\"; ma=2592000,quic=\":443\"; ma=2592000; v=\"46,43\"","accept-ranges":"none","transfer-encoding":"chunked"}
[info] 
[info] === Serving from '/Users/xavlee/Desktop/JueDing/ivyhacks'...
[info] 
[warn] ⚠  Your requested "node" version "10" doesn't match your global version "12" {"metadata":{"emulator":{"name":"functions"},"message":"Your requested \"node\" version \"10\" doesn't match your global version \"12\""}}
[debug] [2020-10-02T15:54:36.464Z] defaultcredentials: writing to file /Users/xavlee/.config/firebase/xavlee77_gmail_com_application_default_credentials.json
[debug] [2020-10-02T15:54:36.465Z] Setting GAC to /Users/xavlee/.config/firebase/xavlee77_gmail_com_application_default_credentials.json {"metadata":{"emulator":{"name":"functions"},"message":"Setting GAC to /Users/xavlee/.config/firebase/xavlee77_gmail_com_application_default_credentials.json"}}
[info] i  functions: Watching "/Users/xavlee/Desktop/JueDing/ivyhacks/functions" for Cloud Functions... {"metadata":{"emulator":{"name":"functions"},"message":"Watching \"/Users/xavlee/Desktop/JueDing/ivyhacks/functions\" for Cloud Functions..."}}
[debug] [2020-10-02T15:54:36.485Z] [worker-pool] addWorker(~diagnostic~) {"metadata":{"emulator":{"name":"functions"},"message":"[worker-pool] addWorker(~diagnostic~)"}}
[debug] [2020-10-02T15:54:36.486Z] [worker-pool] Adding worker with key ~diagnostic~, total=1 {"metadata":{"emulator":{"name":"functions"},"message":"[worker-pool] Adding worker with key ~diagnostic~, total=1"}}
[debug] [2020-10-02T15:54:36.486Z] [worker-pool] submitWork(triggerId=) {"metadata":{"emulator":{"name":"functions"},"message":"[worker-pool] submitWork(triggerId=)"}}
[debug] [2020-10-02T15:54:36.487Z] [worker-~diagnostic~-c2aed145-2854-47df-9701-10a5361c5cf0]: Assigning socketPath: /var/folders/kf/smfwfrgs14q6ff9w30whf0dc0000gn/T/fire_emu_19051.sock {"metadata":{"emulator":{"name":"functions"},"message":"[worker-~diagnostic~-c2aed145-2854-47df-9701-10a5361c5cf0]: Assigning socketPath: /var/folders/kf/smfwfrgs14q6ff9w30whf0dc0000gn/T/fire_emu_19051.sock"}}
[debug] [2020-10-02T15:54:36.487Z] [worker-~diagnostic~-c2aed145-2854-47df-9701-10a5361c5cf0]: BUSY {"metadata":{"emulator":{"name":"functions"},"message":"[worker-~diagnostic~-c2aed145-2854-47df-9701-10a5361c5cf0]: BUSY"}}
[debug] [2020-10-02T15:54:36.732Z] [runtime-status] [19051] Functions runtime initialized. {"cwd":"/Users/xavlee/Desktop/JueDing/ivyhacks/functions","node_version":"12.16.0"} {"metadata":{"emulator":{"name":"functions"},"message":"[runtime-status] [19051] Functions runtime initialized. {\"cwd\":\"/Users/xavlee/Desktop/JueDing/ivyhacks/functions\",\"node_version\":\"12.16.0\"}"}}
[debug] [2020-10-02T15:54:36.733Z] [runtime-status] [19051] Disabled runtime features: undefined {"metadata":{"emulator":{"name":"functions"},"message":"[runtime-status] [19051] Disabled runtime features: undefined"}}
[debug] [2020-10-02T15:54:36.736Z] [runtime-status] [19051] Resolved module firebase-admin {"declared":true,"installed":true,"version":"8.13.0","resolution":"/Users/xavlee/Desktop/JueDing/ivyhacks/functions/node_modules/firebase-admin/lib/index.js"} {"metadata":{"emulator":{"name":"functions"},"message":"[runtime-status] [19051] Resolved module firebase-admin {\"declared\":true,\"installed\":true,\"version\":\"8.13.0\",\"resolution\":\"/Users/xavlee/Desktop/JueDing/ivyhacks/functions/node_modules/firebase-admin/lib/index.js\"}"}}
[debug] [2020-10-02T15:54:36.737Z] [runtime-status] [19051] Resolved module firebase-functions {"declared":true,"installed":true,"version":"3.11.0","resolution":"/Users/xavlee/Desktop/JueDing/ivyhacks/functions/node_modules/firebase-functions/lib/index.js"} {"metadata":{"emulator":{"name":"functions"},"message":"[runtime-status] [19051] Resolved module firebase-functions {\"declared\":true,\"installed\":true,\"version\":\"3.11.0\",\"resolution\":\"/Users/xavlee/Desktop/JueDing/ivyhacks/functions/node_modules/firebase-functions/lib/index.js\"}"}}
[debug] [2020-10-02T15:54:36.737Z] [runtime-status] [19051] Resolved module firebase-functions {"declared":true,"installed":true,"version":"3.11.0","resolution":"/Users/xavlee/Desktop/JueDing/ivyhacks/functions/node_modules/firebase-functions/lib/index.js"} {"metadata":{"emulator":{"name":"functions"},"message":"[runtime-status] [19051] Resolved module firebase-functions {\"declared\":true,\"installed\":true,\"version\":\"3.11.0\",\"resolution\":\"/Users/xavlee/Desktop/JueDing/ivyhacks/functions/node_modules/firebase-functions/lib/index.js\"}"}}
[debug] [2020-10-02T15:54:36.739Z] [runtime-status] [19051] Outgoing network have been stubbed. [{"name":"http","status":"mocked"},{"name":"http","status":"mocked"},{"name":"https","status":"mocked"},{"name":"https","status":"mocked"},{"name":"net","status":"mocked"}] {"metadata":{"emulator":{"name":"functions"},"message":"[runtime-status] [19051] Outgoing network have been stubbed. [{\"name\":\"http\",\"status\":\"mocked\"},{\"name\":\"http\",\"status\":\"mocked\"},{\"name\":\"https\",\"status\":\"mocked\"},{\"name\":\"https\",\"status\":\"mocked\"},{\"name\":\"net\",\"status\":\"mocked\"}]"}}
[debug] [2020-10-02T15:54:36.739Z] [runtime-status] [19051] Resolved module firebase-functions {"declared":true,"installed":true,"version":"3.11.0","resolution":"/Users/xavlee/Desktop/JueDing/ivyhacks/functions/node_modules/firebase-functions/lib/index.js"} {"metadata":{"emulator":{"name":"functions"},"message":"[runtime-status] [19051] Resolved module firebase-functions {\"declared\":true,\"installed\":true,\"version\":\"3.11.0\",\"resolution\":\"/Users/xavlee/Desktop/JueDing/ivyhacks/functions/node_modules/firebase-functions/lib/index.js\"}"}}
[debug] [2020-10-02T15:54:36.787Z] [runtime-status] [19051] Checked functions.config() {"config":{}} {"metadata":{"emulator":{"name":"functions"},"message":"[runtime-status] [19051] Checked functions.config() {\"config\":{}}"}}
[debug] [2020-10-02T15:54:36.787Z] [runtime-status] [19051] firebase-functions has been stubbed. {"functionsResolution":{"declared":true,"installed":true,"version":"3.11.0","resolution":"/Users/xavlee/Desktop/JueDing/ivyhacks/functions/node_modules/firebase-functions/lib/index.js"}} {"metadata":{"emulator":{"name":"functions"},"message":"[runtime-status] [19051] firebase-functions has been stubbed. {\"functionsResolution\":{\"declared\":true,\"installed\":true,\"version\":\"3.11.0\",\"resolution\":\"/Users/xavlee/Desktop/JueDing/ivyhacks/functions/node_modules/firebase-functions/lib/index.js\"}}"}}
[debug] [2020-10-02T15:54:36.787Z] [runtime-status] [19051] Resolved module firebase-functions {"declared":true,"installed":true,"version":"3.11.0","resolution":"/Users/xavlee/Desktop/JueDing/ivyhacks/functions/node_modules/firebase-functions/lib/index.js"} {"metadata":{"emulator":{"name":"functions"},"message":"[runtime-status] [19051] Resolved module firebase-functions {\"declared\":true,\"installed\":true,\"version\":\"3.11.0\",\"resolution\":\"/Users/xavlee/Desktop/JueDing/ivyhacks/functions/node_modules/firebase-functions/lib/index.js\"}"}}
[debug] [2020-10-02T15:54:36.788Z] [runtime-status] [19051] Resolved module firebase-admin {"declared":true,"installed":true,"version":"8.13.0","resolution":"/Users/xavlee/Desktop/JueDing/ivyhacks/functions/node_modules/firebase-admin/lib/index.js"} {"metadata":{"emulator":{"name":"functions"},"message":"[runtime-status] [19051] Resolved module firebase-admin {\"declared\":true,\"installed\":true,\"version\":\"8.13.0\",\"resolution\":\"/Users/xavlee/Desktop/JueDing/ivyhacks/functions/node_modules/firebase-admin/lib/index.js\"}"}}
[debug] [2020-10-02T15:54:36.788Z] [runtime-status] [19051] Resolved module firebase-functions {"declared":true,"installed":true,"version":"3.11.0","resolution":"/Users/xavlee/Desktop/JueDing/ivyhacks/functions/node_modules/firebase-functions/lib/index.js"} {"metadata":{"emulator":{"name":"functions"},"message":"[runtime-status] [19051] Resolved module firebase-functions {\"declared\":true,\"installed\":true,\"version\":\"3.11.0\",\"resolution\":\"/Users/xavlee/Desktop/JueDing/ivyhacks/functions/node_modules/firebase-functions/lib/index.js\"}"}}
[debug] [2020-10-02T15:54:36.789Z] [runtime-status] [19051] firebase-admin has been stubbed. {"adminResolution":{"declared":true,"installed":true,"version":"8.13.0","resolution":"/Users/xavlee/Desktop/JueDing/ivyhacks/functions/node_modules/firebase-admin/lib/index.js"}} {"metadata":{"emulator":{"name":"functions"},"message":"[runtime-status] [19051] firebase-admin has been stubbed. {\"adminResolution\":{\"declared\":true,\"installed\":true,\"version\":\"8.13.0\",\"resolution\":\"/Users/xavlee/Desktop/JueDing/ivyhacks/functions/node_modules/firebase-admin/lib/index.js\"}}"}}
[debug] [2020-10-02T15:54:36.790Z] [runtime-status] [19051] initializeApp(DEFAULT) {"databaseURL":"https://choozr.firebaseio.com","storageBucket":"choozr.appspot.com","projectId":"choozr"} {"metadata":{"emulator":{"name":"functions"},"message":"[runtime-status] [19051] initializeApp(DEFAULT) {\"databaseURL\":\"https://choozr.firebaseio.com\",\"storageBucket\":\"choozr.appspot.com\",\"projectId\":\"choozr\"}"}}
[info] ✔  functions[api]: http function initialized (http://localhost:5000/choozr/us-central1/api). {"metadata":{"emulator":{"name":"functions"},"message":"\u001b[1mhttp\u001b[22m function initialized (http://localhost:5000/choozr/us-central1/api)."}}
[debug] [2020-10-02T15:54:36.915Z] [worker-~diagnostic~-c2aed145-2854-47df-9701-10a5361c5cf0]: IDLE {"metadata":{"emulator":{"name":"functions"},"message":"[worker-~diagnostic~-c2aed145-2854-47df-9701-10a5361c5cf0]: IDLE"}}
[debug] [2020-10-02T15:54:57.953Z] [work-queue] {"queueLength":1,"workRunningCount":0}
[debug] [2020-10-02T15:54:57.953Z] [work-queue] {"queueLength":0,"workRunningCount":1}
[debug] [2020-10-02T15:54:57.954Z] Accepted request GET /choozr/us-central1/api/users --> api
[debug] [2020-10-02T15:54:57.959Z] [worker-pool] addWorker(api) {"metadata":{"emulator":{"name":"functions"},"message":"[worker-pool] addWorker(api)"}}
[debug] [2020-10-02T15:54:57.959Z] [worker-pool] Adding worker with key api, total=1 {"metadata":{"emulator":{"name":"functions"},"message":"[worker-pool] Adding worker with key api, total=1"}}
[debug] [2020-10-02T15:54:57.959Z] [worker-pool] submitWork(triggerId=api) {"metadata":{"emulator":{"name":"functions"},"message":"[worker-pool] submitWork(triggerId=api)"}}
[debug] [2020-10-02T15:54:57.960Z] [worker-api-154d6e0d-201a-41b7-927a-291a004807fd]: Assigning socketPath: /var/folders/kf/smfwfrgs14q6ff9w30whf0dc0000gn/T/fire_emu_19052.sock {"metadata":{"emulator":{"name":"functions"},"message":"[worker-api-154d6e0d-201a-41b7-927a-291a004807fd]: Assigning socketPath: /var/folders/kf/smfwfrgs14q6ff9w30whf0dc0000gn/T/fire_emu_19052.sock"}}
[debug] [2020-10-02T15:54:57.960Z] [worker-api-154d6e0d-201a-41b7-927a-291a004807fd]: BUSY {"metadata":{"emulator":{"name":"functions"},"message":"[worker-api-154d6e0d-201a-41b7-927a-291a004807fd]: BUSY"}}
[debug] [2020-10-02T15:54:58.196Z] [runtime-status] [19052] Functions runtime initialized. {"cwd":"/Users/xavlee/Desktop/JueDing/ivyhacks/functions","node_version":"12.16.0"} {"metadata":{"emulator":{"name":"functions"},"function":{"name":"api"},"message":"[runtime-status] [19052] Functions runtime initialized. {\"cwd\":\"/Users/xavlee/Desktop/JueDing/ivyhacks/functions\",\"node_version\":\"12.16.0\"}"}}
[debug] [2020-10-02T15:54:58.197Z] [runtime-status] [19052] Disabled runtime features: undefined {"metadata":{"emulator":{"name":"functions"},"function":{"name":"api"},"message":"[runtime-status] [19052] Disabled runtime features: undefined"}}
[debug] [2020-10-02T15:54:58.199Z] [runtime-status] [19052] Resolved module firebase-admin {"declared":true,"installed":true,"version":"8.13.0","resolution":"/Users/xavlee/Desktop/JueDing/ivyhacks/functions/node_modules/firebase-admin/lib/index.js"} {"metadata":{"emulator":{"name":"functions"},"function":{"name":"api"},"message":"[runtime-status] [19052] Resolved module firebase-admin {\"declared\":true,\"installed\":true,\"version\":\"8.13.0\",\"resolution\":\"/Users/xavlee/Desktop/JueDing/ivyhacks/functions/node_modules/firebase-admin/lib/index.js\"}"}}
[debug] [2020-10-02T15:54:58.199Z] [runtime-status] [19052] Resolved module firebase-functions {"declared":true,"installed":true,"version":"3.11.0","resolution":"/Users/xavlee/Desktop/JueDing/ivyhacks/functions/node_modules/firebase-functions/lib/index.js"} {"metadata":{"emulator":{"name":"functions"},"function":{"name":"api"},"message":"[runtime-status] [19052] Resolved module firebase-functions {\"declared\":true,\"installed\":true,\"version\":\"3.11.0\",\"resolution\":\"/Users/xavlee/Desktop/JueDing/ivyhacks/functions/node_modules/firebase-functions/lib/index.js\"}"}}
[debug] [2020-10-02T15:54:58.200Z] [runtime-status] [19052] Resolved module firebase-functions {"declared":true,"installed":true,"version":"3.11.0","resolution":"/Users/xavlee/Desktop/JueDing/ivyhacks/functions/node_modules/firebase-functions/lib/index.js"} {"metadata":{"emulator":{"name":"functions"},"function":{"name":"api"},"message":"[runtime-status] [19052] Resolved module firebase-functions {\"declared\":true,\"installed\":true,\"version\":\"3.11.0\",\"resolution\":\"/Users/xavlee/Desktop/JueDing/ivyhacks/functions/node_modules/firebase-functions/lib/index.js\"}"}}
[debug] [2020-10-02T15:54:58.201Z] [runtime-status] [19052] Outgoing network have been stubbed. [{"name":"http","status":"mocked"},{"name":"http","status":"mocked"},{"name":"https","status":"mocked"},{"name":"https","status":"mocked"},{"name":"net","status":"mocked"}] {"metadata":{"emulator":{"name":"functions"},"function":{"name":"api"},"message":"[runtime-status] [19052] Outgoing network have been stubbed. [{\"name\":\"http\",\"status\":\"mocked\"},{\"name\":\"http\",\"status\":\"mocked\"},{\"name\":\"https\",\"status\":\"mocked\"},{\"name\":\"https\",\"status\":\"mocked\"},{\"name\":\"net\",\"status\":\"mocked\"}]"}}
[debug] [2020-10-02T15:54:58.202Z] [runtime-status] [19052] Resolved module firebase-functions {"declared":true,"installed":true,"version":"3.11.0","resolution":"/Users/xavlee/Desktop/JueDing/ivyhacks/functions/node_modules/firebase-functions/lib/index.js"} {"metadata":{"emulator":{"name":"functions"},"function":{"name":"api"},"message":"[runtime-status] [19052] Resolved module firebase-functions {\"declared\":true,\"installed\":true,\"version\":\"3.11.0\",\"resolution\":\"/Users/xavlee/Desktop/JueDing/ivyhacks/functions/node_modules/firebase-functions/lib/index.js\"}"}}
[debug] [2020-10-02T15:54:58.252Z] [runtime-status] [19052] Checked functions.config() {"config":{}} {"metadata":{"emulator":{"name":"functions"},"function":{"name":"api"},"message":"[runtime-status] [19052] Checked functions.config() {\"config\":{}}"}}
[debug] [2020-10-02T15:54:58.252Z] [runtime-status] [19052] firebase-functions has been stubbed. {"functionsResolution":{"declared":true,"installed":true,"version":"3.11.0","resolution":"/Users/xavlee/Desktop/JueDing/ivyhacks/functions/node_modules/firebase-functions/lib/index.js"}} {"metadata":{"emulator":{"name":"functions"},"function":{"name":"api"},"message":"[runtime-status] [19052] firebase-functions has been stubbed. {\"functionsResolution\":{\"declared\":true,\"installed\":true,\"version\":\"3.11.0\",\"resolution\":\"/Users/xavlee/Desktop/JueDing/ivyhacks/functions/node_modules/firebase-functions/lib/index.js\"}}"}}
[debug] [2020-10-02T15:54:58.252Z] [runtime-status] [19052] Resolved module firebase-functions {"declared":true,"installed":true,"version":"3.11.0","resolution":"/Users/xavlee/Desktop/JueDing/ivyhacks/functions/node_modules/firebase-functions/lib/index.js"} {"metadata":{"emulator":{"name":"functions"},"function":{"name":"api"},"message":"[runtime-status] [19052] Resolved module firebase-functions {\"declared\":true,\"installed\":true,\"version\":\"3.11.0\",\"resolution\":\"/Users/xavlee/Desktop/JueDing/ivyhacks/functions/node_modules/firebase-functions/lib/index.js\"}"}}
[debug] [2020-10-02T15:54:58.253Z] [runtime-status] [19052] Resolved module firebase-admin {"declared":true,"installed":true,"version":"8.13.0","resolution":"/Users/xavlee/Desktop/JueDing/ivyhacks/functions/node_modules/firebase-admin/lib/index.js"} {"metadata":{"emulator":{"name":"functions"},"function":{"name":"api"},"message":"[runtime-status] [19052] Resolved module firebase-admin {\"declared\":true,\"installed\":true,\"version\":\"8.13.0\",\"resolution\":\"/Users/xavlee/Desktop/JueDing/ivyhacks/functions/node_modules/firebase-admin/lib/index.js\"}"}}
[debug] [2020-10-02T15:54:58.253Z] [runtime-status] [19052] Resolved module firebase-functions {"declared":true,"installed":true,"version":"3.11.0","resolution":"/Users/xavlee/Desktop/JueDing/ivyhacks/functions/node_modules/firebase-functions/lib/index.js"} {"metadata":{"emulator":{"name":"functions"},"function":{"name":"api"},"message":"[runtime-status] [19052] Resolved module firebase-functions {\"declared\":true,\"installed\":true,\"version\":\"3.11.0\",\"resolution\":\"/Users/xavlee/Desktop/JueDing/ivyhacks/functions/node_modules/firebase-functions/lib/index.js\"}"}}
[debug] [2020-10-02T15:54:58.253Z] [runtime-status] [19052] firebase-admin has been stubbed. {"adminResolution":{"declared":true,"installed":true,"version":"8.13.0","resolution":"/Users/xavlee/Desktop/JueDing/ivyhacks/functions/node_modules/firebase-admin/lib/index.js"}} {"metadata":{"emulator":{"name":"functions"},"function":{"name":"api"},"message":"[runtime-status] [19052] firebase-admin has been stubbed. {\"adminResolution\":{\"declared\":true,\"installed\":true,\"version\":\"8.13.0\",\"resolution\":\"/Users/xavlee/Desktop/JueDing/ivyhacks/functions/node_modules/firebase-admin/lib/index.js\"}}"}}
[debug] [2020-10-02T15:54:58.255Z] [runtime-status] [19052] initializeApp(DEFAULT) {"databaseURL":"https://choozr.firebaseio.com","storageBucket":"choozr.appspot.com","projectId":"choozr"} {"metadata":{"emulator":{"name":"functions"},"function":{"name":"api"},"message":"[runtime-status] [19052] initializeApp(DEFAULT) {\"databaseURL\":\"https://choozr.firebaseio.com\",\"storageBucket\":\"choozr.appspot.com\",\"projectId\":\"choozr\"}"}}
[debug] [2020-10-02T15:54:58.357Z] [runtime-status] [19052] Trigger "api" has been found, beginning invocation! {"metadata":{"emulator":{"name":"functions"},"function":{"name":"api"},"message":"[runtime-status] [19052] Trigger \"api\" has been found, beginning invocation!"}}
[info] i  functions: Beginning execution of "api" {"metadata":{"emulator":{"name":"functions"},"function":{"name":"api"},"message":"Beginning execution of \"api\""}}
[debug] [2020-10-02T15:54:58.358Z] [runtime-status] [19052] triggerDefinition {"httpsTrigger":{},"name":"api","entryPoint":"api"} {"metadata":{"emulator":{"name":"functions"},"function":{"name":"api"},"message":"[runtime-status] [19052] triggerDefinition {\"httpsTrigger\":{},\"name\":\"api\",\"entryPoint\":\"api\"}"}}
[debug] [2020-10-02T15:54:58.358Z] [runtime-status] [19052] Running api in mode HTTPS {"metadata":{"emulator":{"name":"functions"},"function":{"name":"api"},"message":"[runtime-status] [19052] Running api in mode HTTPS"}}
[debug] [2020-10-02T15:54:58.361Z] [runtime-status] [19052] Attempting to listen to socketPath: /var/folders/kf/smfwfrgs14q6ff9w30whf0dc0000gn/T/fire_emu_19052.sock {"metadata":{"emulator":{"name":"functions"},"function":{"name":"api"},"message":"[runtime-status] [19052] Attempting to listen to socketPath: /var/folders/kf/smfwfrgs14q6ff9w30whf0dc0000gn/T/fire_emu_19052.sock"}}
[debug] [2020-10-02T15:54:58.365Z] [functions] Runtime ready! Sending request! {"metadata":{"emulator":{"name":"functions"},"message":"[functions] Runtime ready! Sending request!"}}
[debug] [2020-10-02T15:54:58.370Z] [runtime-status] [19052] Ephemeral server handling GET request {"metadata":{"emulator":{"name":"functions"},"function":{"name":"api"},"message":"[runtime-status] [19052] Ephemeral server handling GET request"}}
[warn] ⚠  functions: The Cloud Firestore emulator is not running, so calls to Firestore will affect production. {"metadata":{"emulator":{"name":"functions"},"function":{"name":"api"},"message":"The Cloud Firestore emulator is not running, so calls to Firestore will affect production."}}
[debug] [2020-10-02T15:54:58.682Z] [runtime-status] [19052] Ephemeral server survived. {"metadata":{"emulator":{"name":"functions"},"function":{"name":"api"},"message":"[runtime-status] [19052] Ephemeral server survived."}}
[warn] ⚠  Google API requested!
   - URL: "https://oauth2.googleapis.com/token"
   - Be careful, this may be a production service. {"metadata":{"emulator":{"name":"functions"},"function":{"name":"api"},"message":"Google API requested!\n   - URL: \"https://oauth2.googleapis.com/token\"\n   - Be careful, this may be a production service."}}
[info] i  functions: Finished "api" in ~1s {"metadata":{"emulator":{"name":"functions"},"function":{"name":"api"},"message":"Finished \"api\" in ~1s"}}
[debug] [2020-10-02T15:54:59.073Z] [worker-api-154d6e0d-201a-41b7-927a-291a004807fd]: IDLE {"metadata":{"emulator":{"name":"functions"},"message":"[worker-api-154d6e0d-201a-41b7-927a-291a004807fd]: IDLE"}}
[debug] [2020-10-02T15:54:59.074Z] [work-queue] {"queueLength":0,"workRunningCount":0}
[info] Shutting down...
[info] i  functions: Stopping Functions Emulator {"metadata":{"emulator":{"name":"functions"},"message":"Stopping Functions Emulator"}}
[debug] [2020-10-02T15:59:32.418Z] [worker-~diagnostic~-c2aed145-2854-47df-9701-10a5361c5cf0]: exited {"metadata":{"emulator":{"name":"functions"},"message":"[worker-~diagnostic~-c2aed145-2854-47df-9701-10a5361c5cf0]: exited"}}
[debug] [2020-10-02T15:59:32.418Z] [worker-~diagnostic~-c2aed145-2854-47df-9701-10a5361c5cf0]: FINISHED {"metadata":{"emulator":{"name":"functions"},"message":"[worker-~diagnostic~-c2aed145-2854-47df-9701-10a5361c5cf0]: FINISHED"}}
[debug] [2020-10-02T15:59:32.420Z] [worker-api-154d6e0d-201a-41b7-927a-291a004807fd]: exited {"metadata":{"emulator":{"name":"functions"},"message":"[worker-api-154d6e0d-201a-41b7-927a-291a004807fd]: exited"}}
[debug] [2020-10-02T15:59:32.420Z] [worker-api-154d6e0d-201a-41b7-927a-291a004807fd]: FINISHED {"metadata":{"emulator":{"name":"functions"},"message":"[worker-api-154d6e0d-201a-41b7-927a-291a004807fd]: FINISHED"}}
